[INFO] 2019-06-26 06:02:32,878 com.agoda.PasswordChanger <init> - ------------Properties File Loaded To Read System Mock Password-----------
[INFO] 2019-06-26 06:02:32,925 com.agoda.PasswordChanger <init> - ------------Properties File Loaded To Read System Mock Password-----------
[INFO] 2019-06-26 06:02:32,925 com.agoda.PasswordChangeValidationUtils passwordSimilarity - Password Similarity:0.0
[INFO] 2019-06-26 06:02:32,925 com.agoda.PasswordChanger <init> - ------------Properties File Loaded To Read System Mock Password-----------
[INFO] 2019-06-26 06:02:32,947 com.agoda.PasswordChanger <init> - ------------Properties File Loaded To Read System Mock Password-----------
[INFO] 2019-06-26 06:02:32,947 com.agoda.PasswordChangeValidationUtils passwordSimilarity - Password Similarity:41.70482295482296
[INFO] 2019-06-26 06:02:32,947 com.agoda.PasswordChanger <init> - ------------Properties File Loaded To Read System Mock Password-----------
[INFO] 2019-06-26 06:02:32,947 com.agoda.PasswordChangeTest emptynewPassword - -------This test should fail--------
[INFO] 2019-06-26 06:02:32,947 com.agoda.PasswordChanger <init> - ------------Properties File Loaded To Read System Mock Password-----------
[INFO] 2019-06-26 06:02:32,962 com.agoda.PasswordChangeValidationUtils passwordSimilarity - Password Similarity:0.0
[INFO] 2019-06-26 06:02:32,962 com.agoda.PasswordChanger <init> - ------------Properties File Loaded To Read System Mock Password-----------
[INFO] 2019-06-26 06:02:32,962 com.agoda.PasswordChangeTest inValidPreviouspasswordTest - -------This test should fail--------
[INFO] 2019-06-26 06:02:32,978 com.agoda.PasswordChanger <init> - ------------Properties File Loaded To Read System Mock Password-----------
[INFO] 2019-06-26 06:02:32,978 com.agoda.PasswordChangeValidationUtils passwordSimilarity - Password Similarity:36.70843776106934
[INFO] 2019-06-26 06:02:32,978 com.agoda.PasswordChanger <init> - ------------Properties File Loaded To Read System Mock Password-----------
[INFO] 2019-06-26 06:02:32,993 com.agoda.PasswordChanger <init> - ------------Properties File Loaded To Read System Mock Password-----------
[INFO] 2019-06-26 06:02:32,993 com.agoda.PasswordChangeValidationUtils passwordSimilarity - Password Similarity:36.58730158730159
[INFO] 2019-06-26 06:02:32,993 com.agoda.PasswordChanger <init> - ------------Properties File Loaded To Read System Mock Password-----------
[INFO] 2019-06-26 06:02:33,009 com.agoda.PasswordChanger <init> - ------------Properties File Loaded To Read System Mock Password-----------
[INFO] 2019-06-26 06:02:33,009 com.agoda.PasswordChangeValidationUtils passwordSimilarity - Password Similarity:88.57142857142857
[INFO] 2019-06-26 06:02:33,009 com.agoda.PasswordChanger <init> - ------------Properties File Loaded To Read System Mock Password-----------
[INFO] 2019-06-26 06:02:33,025 com.agoda.PasswordChanger <init> - ------------Properties File Loaded To Read System Mock Password-----------
[INFO] 2019-06-26 06:02:33,025 com.agoda.PasswordChangeValidationUtils passwordSimilarity - Password Similarity:57.691197691197694
[INFO] 2019-06-26 06:02:33,025 com.agoda.PasswordChanger <init> - ------------Properties File Loaded To Read System Mock Password-----------
[INFO] 2019-06-26 06:02:33,025 com.agoda.PasswordChanger <init> - ------------Properties File Loaded To Read System Mock Password-----------
[INFO] 2019-06-26 06:02:33,025 com.agoda.PasswordChangeValidationUtils passwordSimilarity - Password Similarity:26.984126984126984
[INFO] 2019-06-26 06:02:33,025 com.agoda.PasswordChanger <init> - ------------Properties File Loaded To Read System Mock Password-----------
[INFO] 2019-06-26 06:02:33,040 com.agoda.PasswordChanger <init> - ------------Properties File Loaded To Read System Mock Password-----------
[INFO] 2019-06-26 06:02:33,040 com.agoda.PasswordChangeValidationUtils passwordSimilarity - Password Similarity:41.073762838468724
[INFO] 2019-06-26 06:02:33,040 com.agoda.PasswordChanger <init> - ------------Properties File Loaded To Read System Mock Password-----------
[INFO] 2019-06-26 06:02:33,040 com.agoda.PasswordChanger <init> - ------------Properties File Loaded To Read System Mock Password-----------
[INFO] 2019-06-26 06:02:33,040 com.agoda.PasswordChangeValidationUtils passwordSimilarity - Password Similarity:63.5079365079365
[INFO] 2019-06-26 06:02:33,040 com.agoda.PasswordChanger <init> - ------------Properties File Loaded To Read System Mock Password-----------
[INFO] 2019-06-26 06:02:33,062 com.agoda.PasswordChanger <init> - ------------Properties File Loaded To Read System Mock Password-----------
[INFO] 2019-06-26 06:02:33,064 com.agoda.PasswordChangeValidationUtils passwordSimilarity - Password Similarity:39.285714285714285
[INFO] 2019-06-26 06:02:33,065 com.agoda.PasswordChanger <init> - ------------Properties File Loaded To Read System Mock Password-----------
[INFO] 2019-06-26 06:02:33,086 com.agoda.PasswordChangeTest validpasswordTest - -------validPasswordTest Started--------
[INFO] 2019-06-26 06:02:33,089 com.agoda.PasswordChangeTest validpasswordTest - -------validPasswordTest Ended--------
